Building colour-2.3.3...
Preprocessing library colour-2.3.3...
[ 1 of 14] Compiling Data.Colour.Matrix ( Data/Colour/Matrix.hs, dist/dist-sandbox-e095aa34/build/Data/Colour/Matrix.o )
[ 2 of 14] Compiling Data.Colour.Chan ( Data/Colour/Chan.hs, dist/dist-sandbox-e095aa34/build/Data/Colour/Chan.o )
[ 3 of 14] Compiling Data.Colour.CIE.Chromaticity ( Data/Colour/CIE/Chromaticity.hs, dist/dist-sandbox-e095aa34/build/Data/Colour/CIE/Chromaticity.o )
[ 4 of 14] Compiling Data.Colour.RGB  ( Data/Colour/RGB.hs, dist/dist-sandbox-e095aa34/build/Data/Colour/RGB.o )
[ 5 of 14] Compiling Data.Colour.RGBSpace.HSL ( Data/Colour/RGBSpace/HSL.hs, dist/dist-sandbox-e095aa34/build/Data/Colour/RGBSpace/HSL.o )
[ 6 of 14] Compiling Data.Colour.RGBSpace.HSV ( Data/Colour/RGBSpace/HSV.hs, dist/dist-sandbox-e095aa34/build/Data/Colour/RGBSpace/HSV.o )
[ 7 of 14] Compiling Data.Colour.CIE.Illuminant ( Data/Colour/CIE/Illuminant.hs, dist/dist-sandbox-e095aa34/build/Data/Colour/CIE/Illuminant.o )
[ 8 of 14] Compiling Data.Colour.Internal ( Data/Colour/Internal.hs, dist/dist-sandbox-e095aa34/build/Data/Colour/Internal.o )
[ 9 of 14] Compiling Data.Colour.SRGB.Linear ( Data/Colour/SRGB/Linear.hs, dist/dist-sandbox-e095aa34/build/Data/Colour/SRGB/Linear.o )
[10 of 14] Compiling Data.Colour.RGBSpace ( Data/Colour/RGBSpace.hs, dist/dist-sandbox-e095aa34/build/Data/Colour/RGBSpace.o )
[11 of 14] Compiling Data.Colour.SRGB ( Data/Colour/SRGB.hs, dist/dist-sandbox-e095aa34/build/Data/Colour/SRGB.o )
[12 of 14] Compiling Data.Colour      ( Data/Colour.hs, dist/dist-sandbox-e095aa34/build/Data/Colour.o )
[13 of 14] Compiling Data.Colour.CIE  ( Data/Colour/CIE.hs, dist/dist-sandbox-e095aa34/build/Data/Colour/CIE.o )
[14 of 14] Compiling Data.Colour.Names ( Data/Colour/Names.hs, dist/dist-sandbox-e095aa34/build/Data/Colour/Names.o )
[ 1 of 14] Compiling Data.Colour.Matrix ( Data/Colour/Matrix.hs, dist/dist-sandbox-e095aa34/build/Data/Colour/Matrix.p_o )
[ 2 of 14] Compiling Data.Colour.Chan ( Data/Colour/Chan.hs, dist/dist-sandbox-e095aa34/build/Data/Colour/Chan.p_o )
[ 3 of 14] Compiling Data.Colour.CIE.Chromaticity ( Data/Colour/CIE/Chromaticity.hs, dist/dist-sandbox-e095aa34/build/Data/Colour/CIE/Chromaticity.p_o )
[ 4 of 14] Compiling Data.Colour.RGB  ( Data/Colour/RGB.hs, dist/dist-sandbox-e095aa34/build/Data/Colour/RGB.p_o )
[ 5 of 14] Compiling Data.Colour.RGBSpace.HSL ( Data/Colour/RGBSpace/HSL.hs, dist/dist-sandbox-e095aa34/build/Data/Colour/RGBSpace/HSL.p_o )
[ 6 of 14] Compiling Data.Colour.RGBSpace.HSV ( Data/Colour/RGBSpace/HSV.hs, dist/dist-sandbox-e095aa34/build/Data/Colour/RGBSpace/HSV.p_o )
[ 7 of 14] Compiling Data.Colour.CIE.Illuminant ( Data/Colour/CIE/Illuminant.hs, dist/dist-sandbox-e095aa34/build/Data/Colour/CIE/Illuminant.p_o )
[ 8 of 14] Compiling Data.Colour.Internal ( Data/Colour/Internal.hs, dist/dist-sandbox-e095aa34/build/Data/Colour/Internal.p_o )
[ 9 of 14] Compiling Data.Colour.SRGB.Linear ( Data/Colour/SRGB/Linear.hs, dist/dist-sandbox-e095aa34/build/Data/Colour/SRGB/Linear.p_o )
[10 of 14] Compiling Data.Colour.RGBSpace ( Data/Colour/RGBSpace.hs, dist/dist-sandbox-e095aa34/build/Data/Colour/RGBSpace.p_o )
[11 of 14] Compiling Data.Colour.SRGB ( Data/Colour/SRGB.hs, dist/dist-sandbox-e095aa34/build/Data/Colour/SRGB.p_o )
[12 of 14] Compiling Data.Colour      ( Data/Colour.hs, dist/dist-sandbox-e095aa34/build/Data/Colour.p_o )
[13 of 14] Compiling Data.Colour.CIE  ( Data/Colour/CIE.hs, dist/dist-sandbox-e095aa34/build/Data/Colour/CIE.p_o )
[14 of 14] Compiling Data.Colour.Names ( Data/Colour/Names.hs, dist/dist-sandbox-e095aa34/build/Data/Colour/Names.p_o )
In-place registering colour-2.3.3...
